19/02/21 15:23:05 WARN NativeCodeLoader: Unable to load native-hadoop library for your platform... using builtin-java classes where applicable
19/02/21 15:23:11 INFO SparkContext: Running Spark version 2.4.0
19/02/21 15:23:11 INFO SparkContext: Submitted application: sparklyr
19/02/21 15:23:12 INFO SecurityManager: Changing view acls to: Mezhoud
19/02/21 15:23:12 INFO SecurityManager: Changing modify acls to: Mezhoud
19/02/21 15:23:12 INFO SecurityManager: Changing view acls groups to: 
19/02/21 15:23:12 INFO SecurityManager: Changing modify acls groups to: 
19/02/21 15:23:12 INFO SecurityManager: SecurityManager: authentication disabled; ui acls disabled; users  with view permissions: Set(Mezhoud); groups with view permissions: Set(); users  with modify permissions: Set(Mezhoud); groups with modify permissions: Set()
19/02/21 15:23:12 INFO Utils: Successfully started service 'sparkDriver' on port 57189.
19/02/21 15:23:12 INFO SparkEnv: Registering MapOutputTracker
19/02/21 15:23:12 INFO SparkEnv: Registering BlockManagerMaster
19/02/21 15:23:12 INFO BlockManagerMasterEndpoint: Using org.apache.spark.storage.DefaultTopologyMapper for getting topology information
19/02/21 15:23:12 INFO BlockManagerMasterEndpoint: BlockManagerMasterEndpoint up
19/02/21 15:23:13 INFO DiskBlockManager: Created local directory at /private/var/folders/ww/z_jbqfm56xb_2d4np5gwcv2c0000gp/T/blockmgr-91336167-70a8-46a9-aafb-c0a7e491c2de
19/02/21 15:23:13 INFO MemoryStore: MemoryStore started with capacity 366.3 MB
19/02/21 15:23:13 INFO SparkEnv: Registering OutputCommitCoordinator
19/02/21 15:23:13 WARN Utils: Service 'SparkUI' could not bind on port 4040. Attempting port 4041.
19/02/21 15:23:13 INFO Utils: Successfully started service 'SparkUI' on port 4041.
19/02/21 15:23:14 INFO SparkUI: Bound SparkUI to 127.0.0.1, and started at http://localhost:4041
19/02/21 15:23:14 INFO SparkContext: Added JAR file:/Library/Frameworks/R.framework/Versions/3.5/Resources/library/sparklyr/java/sparklyr-2.3-2.11.jar at spark://localhost:57189/jars/sparklyr-2.3-2.11.jar with timestamp 1550758994313
19/02/21 15:23:14 INFO Executor: Starting executor ID driver on host localhost
19/02/21 15:23:14 INFO Utils: Successfully started service 'org.apache.spark.network.netty.NettyBlockTransferService' on port 57193.
19/02/21 15:23:14 INFO NettyBlockTransferService: Server created on localhost:57193
19/02/21 15:23:14 INFO BlockManager: Using org.apache.spark.storage.RandomBlockReplicationPolicy for block replication policy
19/02/21 15:23:14 INFO BlockManagerMaster: Registering BlockManager BlockManagerId(driver, localhost, 57193, None)
19/02/21 15:23:14 INFO BlockManagerMasterEndpoint: Registering block manager localhost:57193 with 366.3 MB RAM, BlockManagerId(driver, localhost, 57193, None)
19/02/21 15:23:14 INFO BlockManagerMaster: Registered BlockManager BlockManagerId(driver, localhost, 57193, None)
19/02/21 15:23:14 INFO BlockManager: Initialized BlockManager: BlockManagerId(driver, localhost, 57193, None)
19/02/21 15:23:15 WARN SparkContext: Using an existing SparkContext; some configuration may not take effect.
19/02/21 15:23:16 INFO SharedState: loading hive config file: file:/Users/Mezhoud/spark/spark-2.4.0-bin-hadoop2.7/conf/hive-site.xml
19/02/21 15:23:16 INFO SharedState: Setting hive.metastore.warehouse.dir ('null') to the value of spark.sql.warehouse.dir ('file:/Volumes/DATA/learn_by_example/dplyr_to_sql/spark-warehouse').
19/02/21 15:23:16 INFO SharedState: Warehouse path is 'file:/Volumes/DATA/learn_by_example/dplyr_to_sql/spark-warehouse'.
19/02/21 15:23:17 INFO StateStoreCoordinatorRef: Registered StateStoreCoordinator endpoint
19/02/21 15:23:22 INFO SparkContext: Starting job: collect at utils.scala:44
19/02/21 15:23:22 INFO DAGScheduler: Got job 0 (collect at utils.scala:44) with 1 output partitions
19/02/21 15:23:22 INFO DAGScheduler: Final stage: ResultStage 0 (collect at utils.scala:44)
19/02/21 15:23:22 INFO DAGScheduler: Parents of final stage: List()
19/02/21 15:23:22 INFO DAGScheduler: Missing parents: List()
19/02/21 15:23:22 INFO DAGScheduler: Submitting ResultStage 0 (MapPartitionsRDD[4] at map at utils.scala:41), which has no missing parents
19/02/21 15:23:22 INFO MemoryStore: Block broadcast_0 stored as values in memory (estimated size 6.0 KB, free 366.3 MB)
19/02/21 15:23:22 INFO MemoryStore: Block broadcast_0_piece0 stored as bytes in memory (estimated size 3.4 KB, free 366.3 MB)
19/02/21 15:23:22 INFO BlockManagerInfo: Added broadcast_0_piece0 in memory on localhost:57193 (size: 3.4 KB, free: 366.3 MB)
19/02/21 15:23:22 INFO SparkContext: Created broadcast 0 from broadcast at DAGScheduler.scala:1161
19/02/21 15:23:22 INFO DAGScheduler: Submitting 1 missing tasks from ResultStage 0 (MapPartitionsRDD[4] at map at utils.scala:41) (first 15 tasks are for partitions Vector(0))
19/02/21 15:23:22 INFO TaskSchedulerImpl: Adding task set 0.0 with 1 tasks
19/02/21 15:23:22 INFO TaskSetManager: Starting task 0.0 in stage 0.0 (TID 0, localhost, executor driver, partition 0, PROCESS_LOCAL, 7893 bytes)
19/02/21 15:23:22 INFO Executor: Running task 0.0 in stage 0.0 (TID 0)
19/02/21 15:23:22 INFO Executor: Fetching spark://localhost:57189/jars/sparklyr-2.3-2.11.jar with timestamp 1550758994313
19/02/21 15:23:23 INFO TransportClientFactory: Successfully created connection to localhost/127.0.0.1:57189 after 26 ms (0 ms spent in bootstraps)
19/02/21 15:23:23 INFO Utils: Fetching spark://localhost:57189/jars/sparklyr-2.3-2.11.jar to /private/var/folders/ww/z_jbqfm56xb_2d4np5gwcv2c0000gp/T/spark-4b2182d9-406c-473a-bf85-0cc0f2c65322/userFiles-9ea68e8d-1dbc-4d2f-b7b5-29a9bf1a5737/fetchFileTemp68133722010824114.tmp
19/02/21 15:23:23 INFO Executor: Adding file:/private/var/folders/ww/z_jbqfm56xb_2d4np5gwcv2c0000gp/T/spark-4b2182d9-406c-473a-bf85-0cc0f2c65322/userFiles-9ea68e8d-1dbc-4d2f-b7b5-29a9bf1a5737/sparklyr-2.3-2.11.jar to class loader
19/02/21 15:23:23 INFO CodeGenerator: Code generated in 263.980747 ms
19/02/21 15:23:23 INFO Executor: Finished task 0.0 in stage 0.0 (TID 0). 1056 bytes result sent to driver
19/02/21 15:23:23 INFO TaskSetManager: Finished task 0.0 in stage 0.0 (TID 0) in 714 ms on localhost (executor driver) (1/1)
19/02/21 15:23:23 INFO TaskSchedulerImpl: Removed TaskSet 0.0, whose tasks have all completed, from pool 
19/02/21 15:23:23 INFO DAGScheduler: ResultStage 0 (collect at utils.scala:44) finished in 0.956 s
19/02/21 15:23:23 INFO DAGScheduler: Job 0 finished: collect at utils.scala:44, took 1.042300 s
19/02/21 15:23:25 INFO CodeGenerator: Code generated in 22.784372 ms
19/02/21 15:23:25 INFO CodeGenerator: Code generated in 19.230319 ms
19/02/21 15:23:25 INFO ContextCleaner: Cleaned accumulator 27
19/02/21 15:23:25 INFO SparkContext: Starting job: sql at NativeMethodAccessorImpl.java:0
19/02/21 15:23:25 INFO DAGScheduler: Registering RDD 14 (sql at NativeMethodAccessorImpl.java:0)
19/02/21 15:23:25 INFO DAGScheduler: Got job 1 (sql at NativeMethodAccessorImpl.java:0) with 1 output partitions
19/02/21 15:23:25 INFO DAGScheduler: Final stage: ResultStage 2 (sql at NativeMethodAccessorImpl.java:0)
19/02/21 15:23:25 INFO DAGScheduler: Parents of final stage: List(ShuffleMapStage 1)
19/02/21 15:23:25 INFO DAGScheduler: Missing parents: List(ShuffleMapStage 1)
19/02/21 15:23:25 INFO DAGScheduler: Submitting ShuffleMapStage 1 (MapPartitionsRDD[14] at sql at NativeMethodAccessorImpl.java:0), which has no missing parents
19/02/21 15:23:25 INFO MemoryStore: Block broadcast_1 stored as values in memory (estimated size 35.4 KB, free 366.3 MB)
19/02/21 15:23:25 INFO MemoryStore: Block broadcast_1_piece0 stored as bytes in memory (estimated size 14.3 KB, free 366.2 MB)
19/02/21 15:23:25 INFO BlockManagerInfo: Added broadcast_1_piece0 in memory on localhost:57193 (size: 14.3 KB, free: 366.3 MB)
19/02/21 15:23:25 INFO SparkContext: Created broadcast 1 from broadcast at DAGScheduler.scala:1161
19/02/21 15:23:25 INFO DAGScheduler: Submitting 1 missing tasks from ShuffleMapStage 1 (MapPartitionsRDD[14] at sql at NativeMethodAccessorImpl.java:0) (first 15 tasks are for partitions Vector(0))
19/02/21 15:23:25 INFO TaskSchedulerImpl: Adding task set 1.0 with 1 tasks
19/02/21 15:23:25 INFO TaskSetManager: Starting task 0.0 in stage 1.0 (TID 1, localhost, executor driver, partition 0, PROCESS_LOCAL, 34864 bytes)
19/02/21 15:23:25 INFO Executor: Running task 0.0 in stage 1.0 (TID 1)
19/02/21 15:23:25 INFO CodeGenerator: Code generated in 48.701565 ms
19/02/21 15:23:25 INFO CodeGenerator: Code generated in 209.137367 ms
19/02/21 15:23:26 INFO MemoryStore: Block rdd_9_0 stored as values in memory (estimated size 12.4 KB, free 366.2 MB)
19/02/21 15:23:26 INFO BlockManagerInfo: Added rdd_9_0 in memory on localhost:57193 (size: 12.4 KB, free: 366.3 MB)
19/02/21 15:23:26 INFO CodeGenerator: Code generated in 4.469222 ms
19/02/21 15:23:26 INFO CodeGenerator: Code generated in 23.561628 ms
19/02/21 15:23:26 INFO Executor: Finished task 0.0 in stage 1.0 (TID 1). 1738 bytes result sent to driver
19/02/21 15:23:26 INFO TaskSetManager: Finished task 0.0 in stage 1.0 (TID 1) in 864 ms on localhost (executor driver) (1/1)
19/02/21 15:23:26 INFO TaskSchedulerImpl: Removed TaskSet 1.0, whose tasks have all completed, from pool 
19/02/21 15:23:26 INFO DAGScheduler: ShuffleMapStage 1 (sql at NativeMethodAccessorImpl.java:0) finished in 0.916 s
19/02/21 15:23:26 INFO DAGScheduler: looking for newly runnable stages
19/02/21 15:23:26 INFO DAGScheduler: running: Set()
19/02/21 15:23:26 INFO DAGScheduler: waiting: Set(ResultStage 2)
19/02/21 15:23:26 INFO DAGScheduler: failed: Set()
19/02/21 15:23:26 INFO DAGScheduler: Submitting ResultStage 2 (MapPartitionsRDD[17] at sql at NativeMethodAccessorImpl.java:0), which has no missing parents
19/02/21 15:23:26 INFO MemoryStore: Block broadcast_2 stored as values in memory (estimated size 7.1 KB, free 366.2 MB)
19/02/21 15:23:26 INFO MemoryStore: Block broadcast_2_piece0 stored as bytes in memory (estimated size 3.8 KB, free 366.2 MB)
19/02/21 15:23:26 INFO BlockManagerInfo: Added broadcast_2_piece0 in memory on localhost:57193 (size: 3.8 KB, free: 366.3 MB)
19/02/21 15:23:26 INFO SparkContext: Created broadcast 2 from broadcast at DAGScheduler.scala:1161
19/02/21 15:23:26 INFO DAGScheduler: Submitting 1 missing tasks from ResultStage 2 (MapPartitionsRDD[17] at sql at NativeMethodAccessorImpl.java:0) (first 15 tasks are for partitions Vector(0))
19/02/21 15:23:26 INFO TaskSchedulerImpl: Adding task set 2.0 with 1 tasks
19/02/21 15:23:26 INFO TaskSetManager: Starting task 0.0 in stage 2.0 (TID 2, localhost, executor driver, partition 0, NODE_LOCAL, 7767 bytes)
19/02/21 15:23:26 INFO Executor: Running task 0.0 in stage 2.0 (TID 2)
19/02/21 15:23:26 INFO ShuffleBlockFetcherIterator: Getting 1 non-empty blocks including 1 local blocks and 0 remote blocks
19/02/21 15:23:26 INFO ShuffleBlockFetcherIterator: Started 0 remote fetches in 9 ms
19/02/21 15:23:26 INFO Executor: Finished task 0.0 in stage 2.0 (TID 2). 1825 bytes result sent to driver
19/02/21 15:23:26 INFO TaskSetManager: Finished task 0.0 in stage 2.0 (TID 2) in 54 ms on localhost (executor driver) (1/1)
19/02/21 15:23:26 INFO TaskSchedulerImpl: Removed TaskSet 2.0, whose tasks have all completed, from pool 
19/02/21 15:23:26 INFO DAGScheduler: ResultStage 2 (sql at NativeMethodAccessorImpl.java:0) finished in 0.063 s
19/02/21 15:23:26 INFO DAGScheduler: Job 1 finished: sql at NativeMethodAccessorImpl.java:0, took 1.012419 s
19/02/21 15:23:26 INFO CodeGenerator: Code generated in 9.57842 ms
19/02/21 15:23:26 INFO SparkContext: Starting job: collect at utils.scala:200
19/02/21 15:23:26 INFO DAGScheduler: Registering RDD 22 (collect at utils.scala:200)
19/02/21 15:23:26 INFO DAGScheduler: Got job 2 (collect at utils.scala:200) with 1 output partitions
19/02/21 15:23:26 INFO DAGScheduler: Final stage: ResultStage 4 (collect at utils.scala:200)
19/02/21 15:23:26 INFO DAGScheduler: Parents of final stage: List(ShuffleMapStage 3)
19/02/21 15:23:26 INFO DAGScheduler: Missing parents: List(ShuffleMapStage 3)
19/02/21 15:23:26 INFO DAGScheduler: Submitting ShuffleMapStage 3 (MapPartitionsRDD[22] at collect at utils.scala:200), which has no missing parents
19/02/21 15:23:26 INFO MemoryStore: Block broadcast_3 stored as values in memory (estimated size 35.4 KB, free 366.2 MB)
19/02/21 15:23:26 INFO MemoryStore: Block broadcast_3_piece0 stored as bytes in memory (estimated size 14.2 KB, free 366.2 MB)
19/02/21 15:23:26 INFO BlockManagerInfo: Added broadcast_3_piece0 in memory on localhost:57193 (size: 14.2 KB, free: 366.3 MB)
19/02/21 15:23:26 INFO SparkContext: Created broadcast 3 from broadcast at DAGScheduler.scala:1161
19/02/21 15:23:26 INFO DAGScheduler: Submitting 1 missing tasks from ShuffleMapStage 3 (MapPartitionsRDD[22] at collect at utils.scala:200) (first 15 tasks are for partitions Vector(0))
19/02/21 15:23:26 INFO TaskSchedulerImpl: Adding task set 3.0 with 1 tasks
19/02/21 15:23:26 INFO TaskSetManager: Starting task 0.0 in stage 3.0 (TID 3, localhost, executor driver, partition 0, PROCESS_LOCAL, 34864 bytes)
19/02/21 15:23:26 INFO Executor: Running task 0.0 in stage 3.0 (TID 3)
19/02/21 15:23:26 INFO BlockManager: Found block rdd_9_0 locally
19/02/21 15:23:26 INFO Executor: Finished task 0.0 in stage 3.0 (TID 3). 1781 bytes result sent to driver
19/02/21 15:23:26 INFO TaskSetManager: Finished task 0.0 in stage 3.0 (TID 3) in 18 ms on localhost (executor driver) (1/1)
19/02/21 15:23:26 INFO TaskSchedulerImpl: Removed TaskSet 3.0, whose tasks have all completed, from pool 
19/02/21 15:23:26 INFO DAGScheduler: ShuffleMapStage 3 (collect at utils.scala:200) finished in 0.034 s
19/02/21 15:23:26 INFO DAGScheduler: looking for newly runnable stages
19/02/21 15:23:26 INFO DAGScheduler: running: Set()
19/02/21 15:23:26 INFO DAGScheduler: waiting: Set(ResultStage 4)
19/02/21 15:23:26 INFO DAGScheduler: failed: Set()
19/02/21 15:23:26 INFO DAGScheduler: Submitting ResultStage 4 (MapPartitionsRDD[25] at collect at utils.scala:200), which has no missing parents
19/02/21 15:23:26 INFO MemoryStore: Block broadcast_4 stored as values in memory (estimated size 7.1 KB, free 366.2 MB)
19/02/21 15:23:26 INFO MemoryStore: Block broadcast_4_piece0 stored as bytes in memory (estimated size 3.8 KB, free 366.2 MB)
19/02/21 15:23:26 INFO BlockManagerInfo: Added broadcast_4_piece0 in memory on localhost:57193 (size: 3.8 KB, free: 366.2 MB)
19/02/21 15:23:26 INFO SparkContext: Created broadcast 4 from broadcast at DAGScheduler.scala:1161
19/02/21 15:23:26 INFO DAGScheduler: Submitting 1 missing tasks from ResultStage 4 (MapPartitionsRDD[25] at collect at utils.scala:200) (first 15 tasks are for partitions Vector(0))
19/02/21 15:23:26 INFO TaskSchedulerImpl: Adding task set 4.0 with 1 tasks
19/02/21 15:23:26 INFO TaskSetManager: Starting task 0.0 in stage 4.0 (TID 4, localhost, executor driver, partition 0, NODE_LOCAL, 7767 bytes)
19/02/21 15:23:26 INFO Executor: Running task 0.0 in stage 4.0 (TID 4)
19/02/21 15:23:26 INFO ShuffleBlockFetcherIterator: Getting 1 non-empty blocks including 1 local blocks and 0 remote blocks
19/02/21 15:23:26 INFO ShuffleBlockFetcherIterator: Started 0 remote fetches in 0 ms
19/02/21 15:23:26 INFO Executor: Finished task 0.0 in stage 4.0 (TID 4). 1782 bytes result sent to driver
19/02/21 15:23:26 INFO TaskSetManager: Finished task 0.0 in stage 4.0 (TID 4) in 13 ms on localhost (executor driver) (1/1)
19/02/21 15:23:26 INFO TaskSchedulerImpl: Removed TaskSet 4.0, whose tasks have all completed, from pool 
19/02/21 15:23:26 INFO DAGScheduler: ResultStage 4 (collect at utils.scala:200) finished in 0.021 s
19/02/21 15:23:26 INFO DAGScheduler: Job 2 finished: collect at utils.scala:200, took 0.062580 s
19/02/21 15:23:28 INFO SparkContext: Invoking stop() from shutdown hook
19/02/21 15:23:28 INFO SparkUI: Stopped Spark web UI at http://localhost:4041
19/02/21 15:23:28 INFO MapOutputTrackerMasterEndpoint: MapOutputTrackerMasterEndpoint stopped!
19/02/21 15:23:28 INFO MemoryStore: MemoryStore cleared
19/02/21 15:23:28 INFO BlockManager: BlockManager stopped
19/02/21 15:23:28 INFO BlockManagerMaster: BlockManagerMaster stopped
19/02/21 15:23:28 INFO OutputCommitCoordinator$OutputCommitCoordinatorEndpoint: OutputCommitCoordinator stopped!
19/02/21 15:23:28 INFO SparkContext: Successfully stopped SparkContext
19/02/21 15:23:28 INFO ShutdownHookManager: Shutdown hook called
19/02/21 15:23:28 INFO ShutdownHookManager: Deleting directory /private/var/folders/ww/z_jbqfm56xb_2d4np5gwcv2c0000gp/T/spark-4b2182d9-406c-473a-bf85-0cc0f2c65322
19/02/21 15:23:28 INFO ShutdownHookManager: Deleting directory /private/var/folders/ww/z_jbqfm56xb_2d4np5gwcv2c0000gp/T/spark-3d7a23b0-c0ac-40ce-899b-d0f27e441d35
